{"file":"README.md"}
{"file":"dist/cli-config/extendable-config/resolve-extendable-config.d.ts"}
{"file":"dist/cli-config/extendable-config/resolve-extendable-config.d.ts.map"}
{"file":"dist/cli-config/extendable-config/resolve-extendable-config.js"}
{"file":"dist/cli-config/extendable-config/resolve-extendable-config.js.map"}
{"file":"dist/cli-config/extendable-config/resolve-extends-value.d.ts"}
{"file":"dist/cli-config/extendable-config/resolve-extends-value.d.ts.map"}
{"file":"dist/cli-config/extendable-config/resolve-extends-value.js"}
{"file":"dist/cli-config/extendable-config/resolve-extends-value.js.map"}
{"file":"dist/cli-config/load-config.d.ts"}
{"file":"dist/cli-config/load-config.d.ts.map"}
{"file":"dist/cli-config/load-config.js"}
{"file":"dist/cli-config/load-config.js.map"}
{"file":"dist/cli-config/resolve-config-value.d.ts"}
{"file":"dist/cli-config/resolve-config-value.d.ts.map"}
{"file":"dist/cli-config/resolve-config-value.js"}
{"file":"dist/cli-config/resolve-config-value.js.map"}
{"file":"dist/find-repo-git-dir.d.ts"}
{"file":"dist/find-repo-git-dir.d.ts.map"}
{"file":"dist/find-repo-git-dir.js"}
{"file":"dist/find-repo-git-dir.js.map"}
{"file":"dist/index.d.ts"}
{"file":"dist/index.d.ts.map"}
{"file":"dist/index.js"}
{"file":"dist/index.js.map"}
{"file":"dist/logger/logger-console.d.ts"}
{"file":"dist/logger/logger-console.d.ts.map"}
{"file":"dist/logger/logger-console.js"}
{"file":"dist/logger/logger-console.js.map"}
{"file":"dist/logger/logger-printer.d.ts"}
{"file":"dist/logger/logger-printer.d.ts.map"}
{"file":"dist/logger/logger-printer.js"}
{"file":"dist/logger/logger-printer.js.map"}
{"file":"dist/logger/logger-record.d.ts"}
{"file":"dist/logger/logger-record.d.ts.map"}
{"file":"dist/logger/logger-record.js"}
{"file":"dist/logger/logger-record.js.map"}
{"file":"dist/logger/logger.d.ts"}
{"file":"dist/logger/logger.d.ts.map"}
{"file":"dist/logger/logger.js"}
{"file":"dist/logger/logger.js.map"}
{"file":"dist/logger/printers/file-printer.d.ts"}
{"file":"dist/logger/printers/file-printer.d.ts.map"}
{"file":"dist/logger/printers/file-printer.js"}
{"file":"dist/logger/printers/file-printer.js.map"}
{"file":"dist/logger/printers/idle-mark-printer-proxy.d.ts"}
{"file":"dist/logger/printers/idle-mark-printer-proxy.d.ts.map"}
{"file":"dist/logger/printers/idle-mark-printer-proxy.js"}
{"file":"dist/logger/printers/idle-mark-printer-proxy.js.map"}
{"file":"dist/logger/printers/no-repeat-printer-proxy.d.ts"}
{"file":"dist/logger/printers/no-repeat-printer-proxy.d.ts.map"}
{"file":"dist/logger/printers/no-repeat-printer-proxy.js"}
{"file":"dist/logger/printers/no-repeat-printer-proxy.js.map"}
{"file":"dist/logger/printers/text-stream-printer.d.ts"}
{"file":"dist/logger/printers/text-stream-printer.d.ts.map"}
{"file":"dist/logger/printers/text-stream-printer.js"}
{"file":"dist/logger/printers/text-stream-printer.js.map"}
{"file":"dist/logger/util/compare-log-level.d.ts"}
{"file":"dist/logger/util/compare-log-level.d.ts.map"}
{"file":"dist/logger/util/compare-log-level.js"}
{"file":"dist/logger/util/compare-log-level.js.map"}
{"file":"dist/logger/util/is-debug-log-level.d.ts"}
{"file":"dist/logger/util/is-debug-log-level.d.ts.map"}
{"file":"dist/logger/util/is-debug-log-level.js"}
{"file":"dist/logger/util/is-debug-log-level.js.map"}
{"file":"dist/logger/util/is-error-log-level.d.ts"}
{"file":"dist/logger/util/is-error-log-level.d.ts.map"}
{"file":"dist/logger/util/is-error-log-level.js"}
{"file":"dist/logger/util/is-error-log-level.js.map"}
{"file":"dist/logger/util/record-equal.d.ts"}
{"file":"dist/logger/util/record-equal.d.ts.map"}
{"file":"dist/logger/util/record-equal.js"}
{"file":"dist/logger/util/record-equal.js.map"}
{"file":"dist/logger/util/record-stringifiers/ansi-record-stringifier.d.ts"}
{"file":"dist/logger/util/record-stringifiers/ansi-record-stringifier.d.ts.map"}
{"file":"dist/logger/util/record-stringifiers/ansi-record-stringifier.js"}
{"file":"dist/logger/util/record-stringifiers/ansi-record-stringifier.js.map"}
{"file":"dist/logger/util/record-stringifiers/json-record-stringifier.d.ts"}
{"file":"dist/logger/util/record-stringifiers/json-record-stringifier.d.ts.map"}
{"file":"dist/logger/util/record-stringifiers/json-record-stringifier.js"}
{"file":"dist/logger/util/record-stringifiers/json-record-stringifier.js.map"}
{"file":"dist/logger/util/record-stringifiers/record-stringifier.d.ts"}
{"file":"dist/logger/util/record-stringifiers/record-stringifier.d.ts.map"}
{"file":"dist/logger/util/record-stringifiers/record-stringifier.js"}
{"file":"dist/logger/util/record-stringifiers/record-stringifier.js.map"}
{"file":"dist/run-command.d.ts"}
{"file":"dist/run-command.d.ts.map"}
{"file":"dist/run-command.js"}
{"file":"dist/run-command.js.map"}
{"file":"dist/system/fs/rotate-log-files.d.ts"}
{"file":"dist/system/fs/rotate-log-files.d.ts.map"}
{"file":"dist/system/fs/rotate-log-files.js"}
{"file":"dist/system/fs/rotate-log-files.js.map"}
{"file":"dist/system/os/get-processes-snapshot.d.ts"}
{"file":"dist/system/os/get-processes-snapshot.d.ts.map"}
{"file":"dist/system/os/get-processes-snapshot.js"}
{"file":"dist/system/os/get-processes-snapshot.js.map"}
{"file":"dist/system/os/process-kill-by-pid-file.d.ts"}
{"file":"dist/system/os/process-kill-by-pid-file.d.ts.map"}
{"file":"dist/system/os/process-kill-by-pid-file.js"}
{"file":"dist/system/os/process-kill-by-pid-file.js.map"}
{"file":"dist/system/os/process-wait-pid.d.ts"}
{"file":"dist/system/os/process-wait-pid.d.ts.map"}
{"file":"dist/system/os/process-wait-pid.js"}
{"file":"dist/system/os/process-wait-pid.js.map"}
{"file":"package.json"}
{"name":"app-util","version":"0.1.0","registry":"https://registry.yarnpkg.com","tag":"latest","files":["README.md","dist/cli-config/extendable-config/resolve-extendable-config.d.ts","dist/cli-config/extendable-config/resolve-extendable-config.d.ts.map","dist/cli-config/extendable-config/resolve-extendable-config.js","dist/cli-config/extendable-config/resolve-extendable-config.js.map","dist/cli-config/extendable-config/resolve-extends-value.d.ts","dist/cli-config/extendable-config/resolve-extends-value.d.ts.map","dist/cli-config/extendable-config/resolve-extends-value.js","dist/cli-config/extendable-config/resolve-extends-value.js.map","dist/cli-config/load-config.d.ts","dist/cli-config/load-config.d.ts.map","dist/cli-config/load-config.js","dist/cli-config/load-config.js.map","dist/cli-config/resolve-config-value.d.ts","dist/cli-config/resolve-config-value.d.ts.map","dist/cli-config/resolve-config-value.js","dist/cli-config/resolve-config-value.js.map","dist/find-repo-git-dir.d.ts","dist/find-repo-git-dir.d.ts.map","dist/find-repo-git-dir.js","dist/find-repo-git-dir.js.map","dist/index.d.ts","dist/index.d.ts.map","dist/index.js","dist/index.js.map","dist/logger/logger-console.d.ts","dist/logger/logger-console.d.ts.map","dist/logger/logger-console.js","dist/logger/logger-console.js.map","dist/logger/logger-printer.d.ts","dist/logger/logger-printer.d.ts.map","dist/logger/logger-printer.js","dist/logger/logger-printer.js.map","dist/logger/logger-record.d.ts","dist/logger/logger-record.d.ts.map","dist/logger/logger-record.js","dist/logger/logger-record.js.map","dist/logger/logger.d.ts","dist/logger/logger.d.ts.map","dist/logger/logger.js","dist/logger/logger.js.map","dist/logger/printers/file-printer.d.ts","dist/logger/printers/file-printer.d.ts.map","dist/logger/printers/file-printer.js","dist/logger/printers/file-printer.js.map","dist/logger/printers/idle-mark-printer-proxy.d.ts","dist/logger/printers/idle-mark-printer-proxy.d.ts.map","dist/logger/printers/idle-mark-printer-proxy.js","dist/logger/printers/idle-mark-printer-proxy.js.map","dist/logger/printers/no-repeat-printer-proxy.d.ts","dist/logger/printers/no-repeat-printer-proxy.d.ts.map","dist/logger/printers/no-repeat-printer-proxy.js","dist/logger/printers/no-repeat-printer-proxy.js.map","dist/logger/printers/text-stream-printer.d.ts","dist/logger/printers/text-stream-printer.d.ts.map","dist/logger/printers/text-stream-printer.js","dist/logger/printers/text-stream-printer.js.map","dist/logger/util/compare-log-level.d.ts","dist/logger/util/compare-log-level.d.ts.map","dist/logger/util/compare-log-level.js","dist/logger/util/compare-log-level.js.map","dist/logger/util/is-debug-log-level.d.ts","dist/logger/util/is-debug-log-level.d.ts.map","dist/logger/util/is-debug-log-level.js","dist/logger/util/is-debug-log-level.js.map","dist/logger/util/is-error-log-level.d.ts","dist/logger/util/is-error-log-level.d.ts.map","dist/logger/util/is-error-log-level.js","dist/logger/util/is-error-log-level.js.map","dist/logger/util/record-equal.d.ts","dist/logger/util/record-equal.d.ts.map","dist/logger/util/record-equal.js","dist/logger/util/record-equal.js.map","dist/logger/util/record-stringifiers/ansi-record-stringifier.d.ts","dist/logger/util/record-stringifiers/ansi-record-stringifier.d.ts.map","dist/logger/util/record-stringifiers/ansi-record-stringifier.js","dist/logger/util/record-stringifiers/ansi-record-stringifier.js.map","dist/logger/util/record-stringifiers/json-record-stringifier.d.ts","dist/logger/util/record-stringifiers/json-record-stringifier.d.ts.map","dist/logger/util/record-stringifiers/json-record-stringifier.js","dist/logger/util/record-stringifiers/json-record-stringifier.js.map","dist/logger/util/record-stringifiers/record-stringifier.d.ts","dist/logger/util/record-stringifiers/record-stringifier.d.ts.map","dist/logger/util/record-stringifiers/record-stringifier.js","dist/logger/util/record-stringifiers/record-stringifier.js.map","dist/run-command.d.ts","dist/run-command.d.ts.map","dist/run-command.js","dist/run-command.js.map","dist/system/fs/rotate-log-files.d.ts","dist/system/fs/rotate-log-files.d.ts.map","dist/system/fs/rotate-log-files.js","dist/system/fs/rotate-log-files.js.map","dist/system/os/get-processes-snapshot.d.ts","dist/system/os/get-processes-snapshot.d.ts.map","dist/system/os/get-processes-snapshot.js","dist/system/os/get-processes-snapshot.js.map","dist/system/os/process-kill-by-pid-file.d.ts","dist/system/os/process-kill-by-pid-file.d.ts.map","dist/system/os/process-kill-by-pid-file.js","dist/system/os/process-kill-by-pid-file.js.map","dist/system/os/process-wait-pid.d.ts","dist/system/os/process-wait-pid.d.ts.map","dist/system/os/process-wait-pid.js","dist/system/os/process-wait-pid.js.map","package.json"],"access":null,"dryRun":true,"published":false,"message":"[DRY RUN] Package would be published to https://registry.yarnpkg.com with tag latest","provenance":false}
{"name":"biome-config","version":"0.2.0","registry":"https://registry.yarnpkg.com","warning":"Registry already knows about version 0.2.0; skipping.","skipped":true}
{"file":"README.md"}
{"file":"dist/docker/buildx/buildx-build.d.ts"}
{"file":"dist/docker/buildx/buildx-build.d.ts.map"}
{"file":"dist/docker/buildx/buildx-build.js"}
{"file":"dist/docker/buildx/buildx-build.js.map"}
{"file":"dist/docker/container/container-rm.d.ts"}
{"file":"dist/docker/container/container-rm.d.ts.map"}
{"file":"dist/docker/container/container-rm.js"}
{"file":"dist/docker/container/container-rm.js.map"}
{"file":"dist/docker/container/container-run.d.ts"}
{"file":"dist/docker/container/container-run.d.ts.map"}
{"file":"dist/docker/container/container-run.js"}
{"file":"dist/docker/container/container-run.js.map"}
{"file":"dist/docker/context/context-show.d.ts"}
{"file":"dist/docker/context/context-show.d.ts.map"}
{"file":"dist/docker/context/context-show.js"}
{"file":"dist/docker/context/context-show.js.map"}
{"file":"dist/docker/context/context-use.d.ts"}
{"file":"dist/docker/context/context-use.d.ts.map"}
{"file":"dist/docker/context/context-use.js"}
{"file":"dist/docker/context/context-use.js.map"}
{"file":"dist/docker/image/image-rm.d.ts"}
{"file":"dist/docker/image/image-rm.d.ts.map"}
{"file":"dist/docker/image/image-rm.js"}
{"file":"dist/docker/image/image-rm.js.map"}
{"file":"dist/docker/types.d.ts"}
{"file":"dist/docker/types.d.ts.map"}
{"file":"dist/docker/types.js"}
{"file":"dist/docker/types.js.map"}
{"file":"dist/git/status-v1.d.ts"}
{"file":"dist/git/status-v1.d.ts.map"}
{"file":"dist/git/status-v1.js"}
{"file":"dist/git/status-v1.js.map"}
{"file":"dist/index.d.ts"}
{"file":"dist/index.d.ts.map"}
{"file":"dist/index.js"}
{"file":"dist/index.js.map"}
{"file":"dist/posix/ps.d.ts"}
{"file":"dist/posix/ps.d.ts.map"}
{"file":"dist/posix/ps.js"}
{"file":"dist/posix/ps.js.map"}
{"file":"package.json"}
{"name":"cli","version":"0.1.0","registry":"https://registry.yarnpkg.com","tag":"latest","files":["README.md","dist/docker/buildx/buildx-build.d.ts","dist/docker/buildx/buildx-build.d.ts.map","dist/docker/buildx/buildx-build.js","dist/docker/buildx/buildx-build.js.map","dist/docker/container/container-rm.d.ts","dist/docker/container/container-rm.d.ts.map","dist/docker/container/container-rm.js","dist/docker/container/container-rm.js.map","dist/docker/container/container-run.d.ts","dist/docker/container/container-run.d.ts.map","dist/docker/container/container-run.js","dist/docker/container/container-run.js.map","dist/docker/context/context-show.d.ts","dist/docker/context/context-show.d.ts.map","dist/docker/context/context-show.js","dist/docker/context/context-show.js.map","dist/docker/context/context-use.d.ts","dist/docker/context/context-use.d.ts.map","dist/docker/context/context-use.js","dist/docker/context/context-use.js.map","dist/docker/image/image-rm.d.ts","dist/docker/image/image-rm.d.ts.map","dist/docker/image/image-rm.js","dist/docker/image/image-rm.js.map","dist/docker/types.d.ts","dist/docker/types.d.ts.map","dist/docker/types.js","dist/docker/types.js.map","dist/git/status-v1.d.ts","dist/git/status-v1.d.ts.map","dist/git/status-v1.js","dist/git/status-v1.js.map","dist/index.d.ts","dist/index.d.ts.map","dist/index.js","dist/index.js.map","dist/posix/ps.d.ts","dist/posix/ps.d.ts.map","dist/posix/ps.js","dist/posix/ps.js.map","package.json"],"access":null,"dryRun":true,"published":false,"message":"[DRY RUN] Package would be published to https://registry.yarnpkg.com with tag latest","provenance":false}
{"name":"markdownlint-cli2-config","version":"0.1.0","registry":"https://registry.yarnpkg.com","warning":"Registry already knows about version 0.1.0; skipping.","skipped":true}
{"name":"markdownlint-config","version":"0.1.0","registry":"https://registry.yarnpkg.com","warning":"Registry already knows about version 0.1.0; skipping.","skipped":true}
{"file":"README.md"}
{"file":"dist/3rdparty/chardet/chardet-charset-to-buffer-encoding.d.ts"}
{"file":"dist/3rdparty/chardet/chardet-charset-to-buffer-encoding.d.ts.map"}
{"file":"dist/3rdparty/chardet/chardet-charset-to-buffer-encoding.js"}
{"file":"dist/3rdparty/chardet/chardet-charset-to-buffer-encoding.js.map"}
{"file":"dist/3rdparty/editorconfig/editorconfig-charset-to-buffer-encoding.d.ts"}
{"file":"dist/3rdparty/editorconfig/editorconfig-charset-to-buffer-encoding.d.ts.map"}
{"file":"dist/3rdparty/editorconfig/editorconfig-charset-to-buffer-encoding.js"}
{"file":"dist/3rdparty/editorconfig/editorconfig-charset-to-buffer-encoding.js.map"}
{"file":"dist/3rdparty/fs-ext/flock.d.ts"}
{"file":"dist/3rdparty/fs-ext/flock.d.ts.map"}
{"file":"dist/3rdparty/fs-ext/flock.js"}
{"file":"dist/3rdparty/fs-ext/flock.js.map"}
{"file":"dist/async/file-lock.d.ts"}
{"file":"dist/async/file-lock.d.ts.map"}
{"file":"dist/async/file-lock.js"}
{"file":"dist/async/file-lock.js.map"}
{"file":"dist/async/ilockable.d.ts"}
{"file":"dist/async/ilockable.d.ts.map"}
{"file":"dist/async/ilockable.js"}
{"file":"dist/async/ilockable.js.map"}
{"file":"dist/async/isubscribable.d.ts"}
{"file":"dist/async/isubscribable.d.ts.map"}
{"file":"dist/async/isubscribable.js"}
{"file":"dist/async/isubscribable.js.map"}
{"file":"dist/async/iwaitable.d.ts"}
{"file":"dist/async/iwaitable.d.ts.map"}
{"file":"dist/async/iwaitable.js"}
{"file":"dist/async/iwaitable.js.map"}
{"file":"dist/async/lockable-base.d.ts"}
{"file":"dist/async/lockable-base.d.ts.map"}
{"file":"dist/async/lockable-base.js"}
{"file":"dist/async/lockable-base.js.map"}
{"file":"dist/async/mutex.d.ts"}
{"file":"dist/async/mutex.d.ts.map"}
{"file":"dist/async/mutex.js"}
{"file":"dist/async/mutex.js.map"}
{"file":"dist/async/semaphore.d.ts"}
{"file":"dist/async/semaphore.d.ts.map"}
{"file":"dist/async/semaphore.js"}
{"file":"dist/async/semaphore.js.map"}
{"file":"dist/async/signal.d.ts"}
{"file":"dist/async/signal.d.ts.map"}
{"file":"dist/async/signal.js"}
{"file":"dist/async/signal.js.map"}
{"file":"dist/async/subscribable-event.d.ts"}
{"file":"dist/async/subscribable-event.d.ts.map"}
{"file":"dist/async/subscribable-event.js"}
{"file":"dist/async/subscribable-event.js.map"}
{"file":"dist/async/subscribable.d.ts"}
{"file":"dist/async/subscribable.d.ts.map"}
{"file":"dist/async/subscribable.js"}
{"file":"dist/async/subscribable.js.map"}
{"file":"dist/async/udp-bind-lock.d.ts"}
{"file":"dist/async/udp-bind-lock.d.ts.map"}
{"file":"dist/async/udp-bind-lock.js"}
{"file":"dist/async/udp-bind-lock.js.map"}
{"file":"dist/async/wait-notifiable.d.ts"}
{"file":"dist/async/wait-notifiable.d.ts.map"}
{"file":"dist/async/wait-notifiable.js"}
{"file":"dist/async/wait-notifiable.js.map"}
{"file":"dist/constants.d.ts"}
{"file":"dist/constants.d.ts.map"}
{"file":"dist/constants.js"}
{"file":"dist/constants.js.map"}
{"file":"dist/data/abstract-types/ibinary-tree.d.ts"}
{"file":"dist/data/abstract-types/ibinary-tree.d.ts.map"}
{"file":"dist/data/abstract-types/ibinary-tree.js"}
{"file":"dist/data/abstract-types/ibinary-tree.js.map"}
{"file":"dist/data/abstract-types/icollection.d.ts"}
{"file":"dist/data/abstract-types/icollection.d.ts.map"}
{"file":"dist/data/abstract-types/icollection.js"}
{"file":"dist/data/abstract-types/icollection.js.map"}
{"file":"dist/data/abstract-types/ideque.d.ts"}
{"file":"dist/data/abstract-types/ideque.d.ts.map"}
{"file":"dist/data/abstract-types/ideque.js"}
{"file":"dist/data/abstract-types/ideque.js.map"}
{"file":"dist/data/abstract-types/iheap.d.ts"}
{"file":"dist/data/abstract-types/iheap.d.ts.map"}
{"file":"dist/data/abstract-types/iheap.js"}
{"file":"dist/data/abstract-types/iheap.js.map"}
{"file":"dist/data/abstract-types/ilist.d.ts"}
{"file":"dist/data/abstract-types/ilist.d.ts.map"}
{"file":"dist/data/abstract-types/ilist.js"}
{"file":"dist/data/abstract-types/ilist.js.map"}
{"file":"dist/data/abstract-types/ipriority-queue.d.ts"}
{"file":"dist/data/abstract-types/ipriority-queue.d.ts.map"}
{"file":"dist/data/abstract-types/ipriority-queue.js"}
{"file":"dist/data/abstract-types/ipriority-queue.js.map"}
{"file":"dist/data/abstract-types/iqueue.d.ts"}
{"file":"dist/data/abstract-types/iqueue.d.ts.map"}
{"file":"dist/data/abstract-types/iqueue.js"}
{"file":"dist/data/abstract-types/iqueue.js.map"}
{"file":"dist/data/abstract-types/istack.d.ts"}
{"file":"dist/data/abstract-types/istack.d.ts.map"}
{"file":"dist/data/abstract-types/istack.js"}
{"file":"dist/data/abstract-types/istack.js.map"}
{"file":"dist/data/abstract-types/itree.d.ts"}
{"file":"dist/data/abstract-types/itree.d.ts.map"}
{"file":"dist/data/abstract-types/itree.js"}
{"file":"dist/data/abstract-types/itree.js.map"}
{"file":"dist/data/binary-heap.d.ts"}
{"file":"dist/data/binary-heap.d.ts.map"}
{"file":"dist/data/binary-heap.js"}
{"file":"dist/data/binary-heap.js.map"}
{"file":"dist/data/collection-base/binary-heap-collection.d.ts"}
{"file":"dist/data/collection-base/binary-heap-collection.d.ts.map"}
{"file":"dist/data/collection-base/binary-heap-collection.js"}
{"file":"dist/data/collection-base/binary-heap-collection.js.map"}
{"file":"dist/data/collection-base/linked-list-collection.d.ts"}
{"file":"dist/data/collection-base/linked-list-collection.d.ts.map"}
{"file":"dist/data/collection-base/linked-list-collection.js"}
{"file":"dist/data/collection-base/linked-list-collection.js.map"}
{"file":"dist/data/collection-base/native-array-collection.d.ts"}
{"file":"dist/data/collection-base/native-array-collection.d.ts.map"}
{"file":"dist/data/collection-base/native-array-collection.js"}
{"file":"dist/data/collection-base/native-array-collection.js.map"}
{"file":"dist/data/deque.d.ts"}
{"file":"dist/data/deque.d.ts.map"}
{"file":"dist/data/deque.js"}
{"file":"dist/data/deque.js.map"}
{"file":"dist/data/doubly-linked-list.d.ts"}
{"file":"dist/data/doubly-linked-list.d.ts.map"}
{"file":"dist/data/doubly-linked-list.js"}
{"file":"dist/data/doubly-linked-list.js.map"}
{"file":"dist/data/linked-list.d.ts"}
{"file":"dist/data/linked-list.d.ts.map"}
{"file":"dist/data/linked-list.js"}
{"file":"dist/data/linked-list.js.map"}
{"file":"dist/data/native-array.d.ts"}
{"file":"dist/data/native-array.d.ts.map"}
{"file":"dist/data/native-array.js"}
{"file":"dist/data/native-array.js.map"}
{"file":"dist/data/priority-queue.d.ts"}
{"file":"dist/data/priority-queue.d.ts.map"}
{"file":"dist/data/priority-queue.js"}
{"file":"dist/data/priority-queue.js.map"}
{"file":"dist/data/queue.d.ts"}
{"file":"dist/data/queue.d.ts.map"}
{"file":"dist/data/queue.js"}
{"file":"dist/data/queue.js.map"}
{"file":"dist/data/stack.d.ts"}
{"file":"dist/data/stack.d.ts.map"}
{"file":"dist/data/stack.js"}
{"file":"dist/data/stack.js.map"}
{"file":"dist/ecma/error/aggregate-error.d.ts"}
{"file":"dist/ecma/error/aggregate-error.d.ts.map"}
{"file":"dist/ecma/error/aggregate-error.js"}
{"file":"dist/ecma/error/aggregate-error.js.map"}
{"file":"dist/ecma/error/capture-stack-trace.d.ts"}
{"file":"dist/ecma/error/capture-stack-trace.d.ts.map"}
{"file":"dist/ecma/error/capture-stack-trace.js"}
{"file":"dist/ecma/error/capture-stack-trace.js.map"}
{"file":"dist/ecma/error/error-stack.d.ts"}
{"file":"dist/ecma/error/error-stack.d.ts.map"}
{"file":"dist/ecma/error/error-stack.js"}
{"file":"dist/ecma/error/error-stack.js.map"}
{"file":"dist/ecma/error/error.d.ts"}
{"file":"dist/ecma/error/error.d.ts.map"}
{"file":"dist/ecma/error/error.js"}
{"file":"dist/ecma/error/error.js.map"}
{"file":"dist/ecma/error/format-error.d.ts"}
{"file":"dist/ecma/error/format-error.d.ts.map"}
{"file":"dist/ecma/error/format-error.js"}
{"file":"dist/ecma/error/format-error.js.map"}
{"file":"dist/ecma/error/traverse-error.d.ts"}
{"file":"dist/ecma/error/traverse-error.d.ts.map"}
{"file":"dist/ecma/error/traverse-error.js"}
{"file":"dist/ecma/error/traverse-error.js.map"}
{"file":"dist/ecma/error/unimplemented-error.d.ts"}
{"file":"dist/ecma/error/unimplemented-error.d.ts.map"}
{"file":"dist/ecma/error/unimplemented-error.js"}
{"file":"dist/ecma/error/unimplemented-error.js.map"}
{"file":"dist/ecma/error/unsupported-error.d.ts"}
{"file":"dist/ecma/error/unsupported-error.d.ts.map"}
{"file":"dist/ecma/error/unsupported-error.js"}
{"file":"dist/ecma/error/unsupported-error.js.map"}
{"file":"dist/ecma/function/abortable.d.ts"}
{"file":"dist/ecma/function/abortable.d.ts.map"}
{"file":"dist/ecma/function/abortable.js"}
{"file":"dist/ecma/function/abortable.js.map"}
{"file":"dist/ecma/function/debounce-queue.d.ts"}
{"file":"dist/ecma/function/debounce-queue.d.ts.map"}
{"file":"dist/ecma/function/debounce-queue.js"}
{"file":"dist/ecma/function/debounce-queue.js.map"}
{"file":"dist/ecma/function/no-throw.d.ts"}
{"file":"dist/ecma/function/no-throw.d.ts.map"}
{"file":"dist/ecma/function/no-throw.js"}
{"file":"dist/ecma/function/no-throw.js.map"}
{"file":"dist/ecma/function/types.d.ts"}
{"file":"dist/ecma/function/types.d.ts.map"}
{"file":"dist/ecma/function/types.js"}
{"file":"dist/ecma/function/types.js.map"}
{"file":"dist/ecma/function/wait-for.d.ts"}
{"file":"dist/ecma/function/wait-for.d.ts.map"}
{"file":"dist/ecma/function/wait-for.js"}
{"file":"dist/ecma/function/wait-for.js.map"}
{"file":"dist/ecma/is-array.d.ts"}
{"file":"dist/ecma/is-array.d.ts.map"}
{"file":"dist/ecma/is-array.js"}
{"file":"dist/ecma/is-array.js.map"}
{"file":"dist/ecma/is-function.d.ts"}
{"file":"dist/ecma/is-function.d.ts.map"}
{"file":"dist/ecma/is-function.js"}
{"file":"dist/ecma/is-function.js.map"}
{"file":"dist/ecma/is-object.d.ts"}
{"file":"dist/ecma/is-object.d.ts.map"}
{"file":"dist/ecma/is-object.js"}
{"file":"dist/ecma/is-object.js.map"}
{"file":"dist/ecma/is-pojo.d.ts"}
{"file":"dist/ecma/is-pojo.d.ts.map"}
{"file":"dist/ecma/is-pojo.js"}
{"file":"dist/ecma/is-pojo.js.map"}
{"file":"dist/ecma/is-primitive.d.ts"}
{"file":"dist/ecma/is-primitive.d.ts.map"}
{"file":"dist/ecma/is-primitive.js"}
{"file":"dist/ecma/is-primitive.js.map"}
{"file":"dist/ecma/iterator/types.d.ts"}
{"file":"dist/ecma/iterator/types.d.ts.map"}
{"file":"dist/ecma/iterator/types.js"}
{"file":"dist/ecma/iterator/types.js.map"}
{"file":"dist/ecma/json/json-serialize-error.d.ts"}
{"file":"dist/ecma/json/json-serialize-error.d.ts.map"}
{"file":"dist/ecma/json/json-serialize-error.js"}
{"file":"dist/ecma/json/json-serialize-error.js.map"}
{"file":"dist/ecma/json/json-serialize.d.ts"}
{"file":"dist/ecma/json/json-serialize.d.ts.map"}
{"file":"dist/ecma/json/json-serialize.js"}
{"file":"dist/ecma/json/json-serialize.js.map"}
{"file":"dist/ecma/json/json-stringify-safe.d.ts"}
{"file":"dist/ecma/json/json-stringify-safe.d.ts.map"}
{"file":"dist/ecma/json/json-stringify-safe.js"}
{"file":"dist/ecma/json/json-stringify-safe.js.map"}
{"file":"dist/ecma/json/make-json-replacer-function.d.ts"}
{"file":"dist/ecma/json/make-json-replacer-function.d.ts.map"}
{"file":"dist/ecma/json/make-json-replacer-function.js"}
{"file":"dist/ecma/json/make-json-replacer-function.js.map"}
{"file":"dist/ecma/math/clamp.d.ts"}
{"file":"dist/ecma/math/clamp.d.ts.map"}
{"file":"dist/ecma/math/clamp.js"}
{"file":"dist/ecma/math/clamp.js.map"}
{"file":"dist/ecma/math/random.d.ts"}
{"file":"dist/ecma/math/random.d.ts.map"}
{"file":"dist/ecma/math/random.js"}
{"file":"dist/ecma/math/random.js.map"}
{"file":"dist/ecma/math/round.d.ts"}
{"file":"dist/ecma/math/round.d.ts.map"}
{"file":"dist/ecma/math/round.js"}
{"file":"dist/ecma/math/round.js.map"}
{"file":"dist/ecma/math/scale.d.ts"}
{"file":"dist/ecma/math/scale.d.ts.map"}
{"file":"dist/ecma/math/scale.js"}
{"file":"dist/ecma/math/scale.js.map"}
{"file":"dist/ecma/number/to-fixed-length.d.ts"}
{"file":"dist/ecma/number/to-fixed-length.d.ts.map"}
{"file":"dist/ecma/number/to-fixed-length.js"}
{"file":"dist/ecma/number/to-fixed-length.js.map"}
{"file":"dist/ecma/object/clone.d.ts"}
{"file":"dist/ecma/object/clone.d.ts.map"}
{"file":"dist/ecma/object/clone.js"}
{"file":"dist/ecma/object/clone.js.map"}
{"file":"dist/ecma/object/deep-clone.d.ts"}
{"file":"dist/ecma/object/deep-clone.d.ts.map"}
{"file":"dist/ecma/object/deep-clone.js"}
{"file":"dist/ecma/object/deep-clone.js.map"}
{"file":"dist/ecma/object/deep-merge-inplace.d.ts"}
{"file":"dist/ecma/object/deep-merge-inplace.d.ts.map"}
{"file":"dist/ecma/object/deep-merge-inplace.js"}
{"file":"dist/ecma/object/deep-merge-inplace.js.map"}
{"file":"dist/ecma/object/deep-merge-options.d.ts"}
{"file":"dist/ecma/object/deep-merge-options.d.ts.map"}
{"file":"dist/ecma/object/deep-merge-options.js"}
{"file":"dist/ecma/object/deep-merge-options.js.map"}
{"file":"dist/ecma/object/deep-merge.d.ts"}
{"file":"dist/ecma/object/deep-merge.d.ts.map"}
{"file":"dist/ecma/object/deep-merge.js"}
{"file":"dist/ecma/object/deep-merge.js.map"}
{"file":"dist/ecma/object/defaults.d.ts"}
{"file":"dist/ecma/object/defaults.d.ts.map"}
{"file":"dist/ecma/object/defaults.js"}
{"file":"dist/ecma/object/defaults.js.map"}
{"file":"dist/ecma/object/is-deep-equal.d.ts"}
{"file":"dist/ecma/object/is-deep-equal.d.ts.map"}
{"file":"dist/ecma/object/is-deep-equal.js"}
{"file":"dist/ecma/object/is-deep-equal.js.map"}
{"file":"dist/ecma/object/is-equal.d.ts"}
{"file":"dist/ecma/object/is-equal.d.ts.map"}
{"file":"dist/ecma/object/is-equal.js"}
{"file":"dist/ecma/object/is-equal.js.map"}
{"file":"dist/ecma/promise/abortable-promise.d.ts"}
{"file":"dist/ecma/promise/abortable-promise.d.ts.map"}
{"file":"dist/ecma/promise/abortable-promise.js"}
{"file":"dist/ecma/promise/abortable-promise.js.map"}
{"file":"dist/ecma/promise/promise-to-async-iterable-iterator.d.ts"}
{"file":"dist/ecma/promise/promise-to-async-iterable-iterator.d.ts.map"}
{"file":"dist/ecma/promise/promise-to-async-iterable-iterator.js"}
{"file":"dist/ecma/promise/promise-to-async-iterable-iterator.js.map"}
{"file":"dist/ecma/promise/types.d.ts"}
{"file":"dist/ecma/promise/types.d.ts.map"}
{"file":"dist/ecma/promise/types.js"}
{"file":"dist/ecma/promise/types.js.map"}
{"file":"dist/ecma/regexp/regexp-escape.d.ts"}
{"file":"dist/ecma/regexp/regexp-escape.d.ts.map"}
{"file":"dist/ecma/regexp/regexp-escape.js"}
{"file":"dist/ecma/regexp/regexp-escape.js.map"}
{"file":"dist/ecma/string/capitalize.d.ts"}
{"file":"dist/ecma/string/capitalize.d.ts.map"}
{"file":"dist/ecma/string/capitalize.js"}
{"file":"dist/ecma/string/capitalize.js.map"}
{"file":"dist/ecma/string/join-non-empty.d.ts"}
{"file":"dist/ecma/string/join-non-empty.d.ts.map"}
{"file":"dist/ecma/string/join-non-empty.js"}
{"file":"dist/ecma/string/join-non-empty.js.map"}
{"file":"dist/ecma/string/prefix-lines.d.ts"}
{"file":"dist/ecma/string/prefix-lines.d.ts.map"}
{"file":"dist/ecma/string/prefix-lines.js"}
{"file":"dist/ecma/string/prefix-lines.js.map"}
{"file":"dist/ecma/string/replace-diacritics.d.ts"}
{"file":"dist/ecma/string/replace-diacritics.d.ts.map"}
{"file":"dist/ecma/string/replace-diacritics.js"}
{"file":"dist/ecma/string/replace-diacritics.js.map"}
{"file":"dist/ecma/string/truncate.d.ts"}
{"file":"dist/ecma/string/truncate.d.ts.map"}
{"file":"dist/ecma/string/truncate.js"}
{"file":"dist/ecma/string/truncate.js.map"}
{"file":"dist/ecma/timers/delay.d.ts"}
{"file":"dist/ecma/timers/delay.d.ts.map"}
{"file":"dist/ecma/timers/delay.js"}
{"file":"dist/ecma/timers/delay.js.map"}
{"file":"dist/ecma/timers/periodical-timer.d.ts"}
{"file":"dist/ecma/timers/periodical-timer.d.ts.map"}
{"file":"dist/ecma/timers/periodical-timer.js"}
{"file":"dist/ecma/timers/periodical-timer.js.map"}
{"file":"dist/ecma/timers/sleep.d.ts"}
{"file":"dist/ecma/timers/sleep.d.ts.map"}
{"file":"dist/ecma/timers/sleep.js"}
{"file":"dist/ecma/timers/sleep.js.map"}
{"file":"dist/ecma/timers/timer.d.ts"}
{"file":"dist/ecma/timers/timer.d.ts.map"}
{"file":"dist/ecma/timers/timer.js"}
{"file":"dist/ecma/timers/timer.js.map"}
{"file":"dist/globals.d/builtin-json.d.ts"}
{"file":"dist/globals.d/builtin-json.d.ts.map"}
{"file":"dist/globals.d/builtin-json.js"}
{"file":"dist/globals.d/builtin-json.js.map"}
{"file":"dist/index.d.ts"}
{"file":"dist/index.d.ts.map"}
{"file":"dist/index.js"}
{"file":"dist/index.js.map"}
{"file":"dist/node/child_process/exec-async.d.ts"}
{"file":"dist/node/child_process/exec-async.d.ts.map"}
{"file":"dist/node/child_process/exec-async.js"}
{"file":"dist/node/child_process/exec-async.js.map"}
{"file":"dist/node/child_process/node-exec-error.d.ts"}
{"file":"dist/node/child_process/node-exec-error.d.ts.map"}
{"file":"dist/node/child_process/node-exec-error.js"}
{"file":"dist/node/child_process/node-exec-error.js.map"}
{"file":"dist/node/child_process/process-exit-error.d.ts"}
{"file":"dist/node/child_process/process-exit-error.d.ts.map"}
{"file":"dist/node/child_process/process-exit-error.js"}
{"file":"dist/node/child_process/process-exit-error.js.map"}
{"file":"dist/node/child_process/shell-exec.d.ts"}
{"file":"dist/node/child_process/shell-exec.d.ts.map"}
{"file":"dist/node/child_process/shell-exec.js"}
{"file":"dist/node/child_process/shell-exec.js.map"}
{"file":"dist/node/error/node-aggregate-error.d.ts"}
{"file":"dist/node/error/node-aggregate-error.d.ts.map"}
{"file":"dist/node/error/node-aggregate-error.js"}
{"file":"dist/node/error/node-aggregate-error.js.map"}
{"file":"dist/node/error/node-error.d.ts"}
{"file":"dist/node/error/node-error.d.ts.map"}
{"file":"dist/node/error/node-error.js"}
{"file":"dist/node/error/node-error.js.map"}
{"file":"dist/node/error/node-system-error.d.ts"}
{"file":"dist/node/error/node-system-error.d.ts.map"}
{"file":"dist/node/error/node-system-error.js"}
{"file":"dist/node/error/node-system-error.js.map"}
{"file":"dist/node/fs/compress-file.d.ts"}
{"file":"dist/node/fs/compress-file.d.ts.map"}
{"file":"dist/node/fs/compress-file.js"}
{"file":"dist/node/fs/compress-file.js.map"}
{"file":"dist/node/fs/exists-async.d.ts"}
{"file":"dist/node/fs/exists-async.d.ts.map"}
{"file":"dist/node/fs/exists-async.js"}
{"file":"dist/node/fs/exists-async.js.map"}
{"file":"dist/node/fs/file-content-equal.d.ts"}
{"file":"dist/node/fs/file-content-equal.d.ts.map"}
{"file":"dist/node/fs/file-content-equal.js"}
{"file":"dist/node/fs/file-content-equal.js.map"}
{"file":"dist/node/fs/shorten-posix-path.d.ts"}
{"file":"dist/node/fs/shorten-posix-path.d.ts.map"}
{"file":"dist/node/fs/shorten-posix-path.js"}
{"file":"dist/node/fs/shorten-posix-path.js.map"}
{"file":"dist/node/fs/types.d.ts"}
{"file":"dist/node/fs/types.d.ts.map"}
{"file":"dist/node/fs/types.js"}
{"file":"dist/node/fs/types.js.map"}
{"file":"dist/node/fs/write-file-atomic.d.ts"}
{"file":"dist/node/fs/write-file-atomic.d.ts.map"}
{"file":"dist/node/fs/write-file-atomic.js"}
{"file":"dist/node/fs/write-file-atomic.js.map"}
{"file":"dist/node/module/import-module.d.ts"}
{"file":"dist/node/module/import-module.d.ts.map"}
{"file":"dist/node/module/import-module.js"}
{"file":"dist/node/module/import-module.js.map"}
{"file":"dist/node/module/resolve-module.d.ts"}
{"file":"dist/node/module/resolve-module.d.ts.map"}
{"file":"dist/node/module/resolve-module.js"}
{"file":"dist/node/module/resolve-module.js.map"}
{"file":"dist/node/net/get-random-ephemeral-port.d.ts"}
{"file":"dist/node/net/get-random-ephemeral-port.d.ts.map"}
{"file":"dist/node/net/get-random-ephemeral-port.js"}
{"file":"dist/node/net/get-random-ephemeral-port.js.map"}
{"file":"dist/node/net/http/http-headers.d.ts"}
{"file":"dist/node/net/http/http-headers.d.ts.map"}
{"file":"dist/node/net/http/http-headers.js"}
{"file":"dist/node/net/http/http-headers.js.map"}
{"file":"dist/node/net/http/is-http-available.d.ts"}
{"file":"dist/node/net/http/is-http-available.d.ts.map"}
{"file":"dist/node/net/http/is-http-available.js"}
{"file":"dist/node/net/http/is-http-available.js.map"}
{"file":"dist/node/net/http/types.d.ts"}
{"file":"dist/node/net/http/types.d.ts.map"}
{"file":"dist/node/net/http/types.js"}
{"file":"dist/node/net/http/types.js.map"}
{"file":"dist/node/net/tcp-client.d.ts"}
{"file":"dist/node/net/tcp-client.d.ts.map"}
{"file":"dist/node/net/tcp-client.js"}
{"file":"dist/node/net/tcp-client.js.map"}
{"file":"dist/node/net/udp-socket.d.ts"}
{"file":"dist/node/net/udp-socket.d.ts.map"}
{"file":"dist/node/net/udp-socket.js"}
{"file":"dist/node/net/udp-socket.js.map"}
{"file":"dist/node/process/error-listeners.d.ts"}
{"file":"dist/node/process/error-listeners.d.ts.map"}
{"file":"dist/node/process/error-listeners.js"}
{"file":"dist/node/process/error-listeners.js.map"}
{"file":"dist/node/process/exit-manager.d.ts"}
{"file":"dist/node/process/exit-manager.d.ts.map"}
{"file":"dist/node/process/exit-manager.js"}
{"file":"dist/node/process/exit-manager.js.map"}
{"file":"dist/node/process/pid-file.d.ts"}
{"file":"dist/node/process/pid-file.d.ts.map"}
{"file":"dist/node/process/pid-file.js"}
{"file":"dist/node/process/pid-file.js.map"}
{"file":"dist/node/process/process-pid-file.d.ts"}
{"file":"dist/node/process/process-pid-file.d.ts.map"}
{"file":"dist/node/process/process-pid-file.js"}
{"file":"dist/node/process/process-pid-file.js.map"}
{"file":"dist/node/v8/capture-v8-stack-trace.d.ts"}
{"file":"dist/node/v8/capture-v8-stack-trace.d.ts.map"}
{"file":"dist/node/v8/capture-v8-stack-trace.js"}
{"file":"dist/node/v8/capture-v8-stack-trace.js.map"}
{"file":"dist/node/v8/v8-stack-trace.d.ts"}
{"file":"dist/node/v8/v8-stack-trace.d.ts.map"}
{"file":"dist/node/v8/v8-stack-trace.js"}
{"file":"dist/node/v8/v8-stack-trace.js.map"}
{"file":"dist/shell/env-variables/env-variables-types.d.ts"}
{"file":"dist/shell/env-variables/env-variables-types.d.ts.map"}
{"file":"dist/shell/env-variables/env-variables-types.js"}
{"file":"dist/shell/env-variables/env-variables-types.js.map"}
{"file":"dist/shell/env-variables/parse-env-variable.d.ts"}
{"file":"dist/shell/env-variables/parse-env-variable.d.ts.map"}
{"file":"dist/shell/env-variables/parse-env-variable.js"}
{"file":"dist/shell/env-variables/parse-env-variable.js.map"}
{"file":"dist/shell/env-variables/stringify-env-variable.d.ts"}
{"file":"dist/shell/env-variables/stringify-env-variable.d.ts.map"}
{"file":"dist/shell/env-variables/stringify-env-variable.js"}
{"file":"dist/shell/env-variables/stringify-env-variable.js.map"}
{"file":"dist/shell/escape-command-arg.d.ts"}
{"file":"dist/shell/escape-command-arg.d.ts.map"}
{"file":"dist/shell/escape-command-arg.js"}
{"file":"dist/shell/escape-command-arg.js.map"}
{"file":"dist/shell/escape-command.d.ts"}
{"file":"dist/shell/escape-command.d.ts.map"}
{"file":"dist/shell/escape-command.js"}
{"file":"dist/shell/escape-command.js.map"}
{"file":"dist/shell/escape-posix-sh-sqe.d.ts"}
{"file":"dist/shell/escape-posix-sh-sqe.d.ts.map"}
{"file":"dist/shell/escape-posix-sh-sqe.js"}
{"file":"dist/shell/escape-posix-sh-sqe.js.map"}
{"file":"dist/text-files/ini-file.d.ts"}
{"file":"dist/text-files/ini-file.d.ts.map"}
{"file":"dist/text-files/ini-file.js"}
{"file":"dist/text-files/ini-file.js.map"}
{"file":"dist/text-files/json-file.d.ts"}
{"file":"dist/text-files/json-file.d.ts.map"}
{"file":"dist/text-files/json-file.js"}
{"file":"dist/text-files/json-file.js.map"}
{"file":"dist/text-files/json5-file.d.ts"}
{"file":"dist/text-files/json5-file.d.ts.map"}
{"file":"dist/text-files/json5-file.js"}
{"file":"dist/text-files/json5-file.js.map"}
{"file":"dist/text-files/jsonc-file.d.ts"}
{"file":"dist/text-files/jsonc-file.d.ts.map"}
{"file":"dist/text-files/jsonc-file.js"}
{"file":"dist/text-files/jsonc-file.js.map"}
{"file":"dist/text-files/text-file.d.ts"}
{"file":"dist/text-files/text-file.d.ts.map"}
{"file":"dist/text-files/text-file.js"}
{"file":"dist/text-files/text-file.js.map"}
{"file":"dist/text-files/toml-file.d.ts"}
{"file":"dist/text-files/toml-file.d.ts.map"}
{"file":"dist/text-files/toml-file.js"}
{"file":"dist/text-files/toml-file.js.map"}
{"file":"dist/text-files/yaml-file.d.ts"}
{"file":"dist/text-files/yaml-file.d.ts.map"}
{"file":"dist/text-files/yaml-file.js"}
{"file":"dist/text-files/yaml-file.js.map"}
{"file":"dist/time/format-duration.d.ts"}
{"file":"dist/time/format-duration.d.ts.map"}
{"file":"dist/time/format-duration.js"}
{"file":"dist/time/format-duration.js.map"}
{"file":"dist/types.d/defined.d.ts"}
{"file":"dist/types.d/defined.d.ts.map"}
{"file":"dist/types.d/defined.js"}
{"file":"dist/types.d/defined.js.map"}
{"file":"dist/types.d/set-nullable.d.ts"}
{"file":"dist/types.d/set-nullable.d.ts.map"}
{"file":"dist/types.d/set-nullable.js"}
{"file":"dist/types.d/set-nullable.js.map"}
{"file":"package.json"}
{"name":"misc-util","version":"0.2.0","registry":"https://registry.yarnpkg.com","tag":"latest","files":["README.md","dist/3rdparty/chardet/chardet-charset-to-buffer-encoding.d.ts","dist/3rdparty/chardet/chardet-charset-to-buffer-encoding.d.ts.map","dist/3rdparty/chardet/chardet-charset-to-buffer-encoding.js","dist/3rdparty/chardet/chardet-charset-to-buffer-encoding.js.map","dist/3rdparty/editorconfig/editorconfig-charset-to-buffer-encoding.d.ts","dist/3rdparty/editorconfig/editorconfig-charset-to-buffer-encoding.d.ts.map","dist/3rdparty/editorconfig/editorconfig-charset-to-buffer-encoding.js","dist/3rdparty/editorconfig/editorconfig-charset-to-buffer-encoding.js.map","dist/3rdparty/fs-ext/flock.d.ts","dist/3rdparty/fs-ext/flock.d.ts.map","dist/3rdparty/fs-ext/flock.js","dist/3rdparty/fs-ext/flock.js.map","dist/async/file-lock.d.ts","dist/async/file-lock.d.ts.map","dist/async/file-lock.js","dist/async/file-lock.js.map","dist/async/ilockable.d.ts","dist/async/ilockable.d.ts.map","dist/async/ilockable.js","dist/async/ilockable.js.map","dist/async/isubscribable.d.ts","dist/async/isubscribable.d.ts.map","dist/async/isubscribable.js","dist/async/isubscribable.js.map","dist/async/iwaitable.d.ts","dist/async/iwaitable.d.ts.map","dist/async/iwaitable.js","dist/async/iwaitable.js.map","dist/async/lockable-base.d.ts","dist/async/lockable-base.d.ts.map","dist/async/lockable-base.js","dist/async/lockable-base.js.map","dist/async/mutex.d.ts","dist/async/mutex.d.ts.map","dist/async/mutex.js","dist/async/mutex.js.map","dist/async/semaphore.d.ts","dist/async/semaphore.d.ts.map","dist/async/semaphore.js","dist/async/semaphore.js.map","dist/async/signal.d.ts","dist/async/signal.d.ts.map","dist/async/signal.js","dist/async/signal.js.map","dist/async/subscribable-event.d.ts","dist/async/subscribable-event.d.ts.map","dist/async/subscribable-event.js","dist/async/subscribable-event.js.map","dist/async/subscribable.d.ts","dist/async/subscribable.d.ts.map","dist/async/subscribable.js","dist/async/subscribable.js.map","dist/async/udp-bind-lock.d.ts","dist/async/udp-bind-lock.d.ts.map","dist/async/udp-bind-lock.js","dist/async/udp-bind-lock.js.map","dist/async/wait-notifiable.d.ts","dist/async/wait-notifiable.d.ts.map","dist/async/wait-notifiable.js","dist/async/wait-notifiable.js.map","dist/constants.d.ts","dist/constants.d.ts.map","dist/constants.js","dist/constants.js.map","dist/data/abstract-types/ibinary-tree.d.ts","dist/data/abstract-types/ibinary-tree.d.ts.map","dist/data/abstract-types/ibinary-tree.js","dist/data/abstract-types/ibinary-tree.js.map","dist/data/abstract-types/icollection.d.ts","dist/data/abstract-types/icollection.d.ts.map","dist/data/abstract-types/icollection.js","dist/data/abstract-types/icollection.js.map","dist/data/abstract-types/ideque.d.ts","dist/data/abstract-types/ideque.d.ts.map","dist/data/abstract-types/ideque.js","dist/data/abstract-types/ideque.js.map","dist/data/abstract-types/iheap.d.ts","dist/data/abstract-types/iheap.d.ts.map","dist/data/abstract-types/iheap.js","dist/data/abstract-types/iheap.js.map","dist/data/abstract-types/ilist.d.ts","dist/data/abstract-types/ilist.d.ts.map","dist/data/abstract-types/ilist.js","dist/data/abstract-types/ilist.js.map","dist/data/abstract-types/ipriority-queue.d.ts","dist/data/abstract-types/ipriority-queue.d.ts.map","dist/data/abstract-types/ipriority-queue.js","dist/data/abstract-types/ipriority-queue.js.map","dist/data/abstract-types/iqueue.d.ts","dist/data/abstract-types/iqueue.d.ts.map","dist/data/abstract-types/iqueue.js","dist/data/abstract-types/iqueue.js.map","dist/data/abstract-types/istack.d.ts","dist/data/abstract-types/istack.d.ts.map","dist/data/abstract-types/istack.js","dist/data/abstract-types/istack.js.map","dist/data/abstract-types/itree.d.ts","dist/data/abstract-types/itree.d.ts.map","dist/data/abstract-types/itree.js","dist/data/abstract-types/itree.js.map","dist/data/binary-heap.d.ts","dist/data/binary-heap.d.ts.map","dist/data/binary-heap.js","dist/data/binary-heap.js.map","dist/data/collection-base/binary-heap-collection.d.ts","dist/data/collection-base/binary-heap-collection.d.ts.map","dist/data/collection-base/binary-heap-collection.js","dist/data/collection-base/binary-heap-collection.js.map","dist/data/collection-base/linked-list-collection.d.ts","dist/data/collection-base/linked-list-collection.d.ts.map","dist/data/collection-base/linked-list-collection.js","dist/data/collection-base/linked-list-collection.js.map","dist/data/collection-base/native-array-collection.d.ts","dist/data/collection-base/native-array-collection.d.ts.map","dist/data/collection-base/native-array-collection.js","dist/data/collection-base/native-array-collection.js.map","dist/data/deque.d.ts","dist/data/deque.d.ts.map","dist/data/deque.js","dist/data/deque.js.map","dist/data/doubly-linked-list.d.ts","dist/data/doubly-linked-list.d.ts.map","dist/data/doubly-linked-list.js","dist/data/doubly-linked-list.js.map","dist/data/linked-list.d.ts","dist/data/linked-list.d.ts.map","dist/data/linked-list.js","dist/data/linked-list.js.map","dist/data/native-array.d.ts","dist/data/native-array.d.ts.map","dist/data/native-array.js","dist/data/native-array.js.map","dist/data/priority-queue.d.ts","dist/data/priority-queue.d.ts.map","dist/data/priority-queue.js","dist/data/priority-queue.js.map","dist/data/queue.d.ts","dist/data/queue.d.ts.map","dist/data/queue.js","dist/data/queue.js.map","dist/data/stack.d.ts","dist/data/stack.d.ts.map","dist/data/stack.js","dist/data/stack.js.map","dist/ecma/error/aggregate-error.d.ts","dist/ecma/error/aggregate-error.d.ts.map","dist/ecma/error/aggregate-error.js","dist/ecma/error/aggregate-error.js.map","dist/ecma/error/capture-stack-trace.d.ts","dist/ecma/error/capture-stack-trace.d.ts.map","dist/ecma/error/capture-stack-trace.js","dist/ecma/error/capture-stack-trace.js.map","dist/ecma/error/error-stack.d.ts","dist/ecma/error/error-stack.d.ts.map","dist/ecma/error/error-stack.js","dist/ecma/error/error-stack.js.map","dist/ecma/error/error.d.ts","dist/ecma/error/error.d.ts.map","dist/ecma/error/error.js","dist/ecma/error/error.js.map","dist/ecma/error/format-error.d.ts","dist/ecma/error/format-error.d.ts.map","dist/ecma/error/format-error.js","dist/ecma/error/format-error.js.map","dist/ecma/error/traverse-error.d.ts","dist/ecma/error/traverse-error.d.ts.map","dist/ecma/error/traverse-error.js","dist/ecma/error/traverse-error.js.map","dist/ecma/error/unimplemented-error.d.ts","dist/ecma/error/unimplemented-error.d.ts.map","dist/ecma/error/unimplemented-error.js","dist/ecma/error/unimplemented-error.js.map","dist/ecma/error/unsupported-error.d.ts","dist/ecma/error/unsupported-error.d.ts.map","dist/ecma/error/unsupported-error.js","dist/ecma/error/unsupported-error.js.map","dist/ecma/function/abortable.d.ts","dist/ecma/function/abortable.d.ts.map","dist/ecma/function/abortable.js","dist/ecma/function/abortable.js.map","dist/ecma/function/debounce-queue.d.ts","dist/ecma/function/debounce-queue.d.ts.map","dist/ecma/function/debounce-queue.js","dist/ecma/function/debounce-queue.js.map","dist/ecma/function/no-throw.d.ts","dist/ecma/function/no-throw.d.ts.map","dist/ecma/function/no-throw.js","dist/ecma/function/no-throw.js.map","dist/ecma/function/types.d.ts","dist/ecma/function/types.d.ts.map","dist/ecma/function/types.js","dist/ecma/function/types.js.map","dist/ecma/function/wait-for.d.ts","dist/ecma/function/wait-for.d.ts.map","dist/ecma/function/wait-for.js","dist/ecma/function/wait-for.js.map","dist/ecma/is-array.d.ts","dist/ecma/is-array.d.ts.map","dist/ecma/is-array.js","dist/ecma/is-array.js.map","dist/ecma/is-function.d.ts","dist/ecma/is-function.d.ts.map","dist/ecma/is-function.js","dist/ecma/is-function.js.map","dist/ecma/is-object.d.ts","dist/ecma/is-object.d.ts.map","dist/ecma/is-object.js","dist/ecma/is-object.js.map","dist/ecma/is-pojo.d.ts","dist/ecma/is-pojo.d.ts.map","dist/ecma/is-pojo.js","dist/ecma/is-pojo.js.map","dist/ecma/is-primitive.d.ts","dist/ecma/is-primitive.d.ts.map","dist/ecma/is-primitive.js","dist/ecma/is-primitive.js.map","dist/ecma/iterator/types.d.ts","dist/ecma/iterator/types.d.ts.map","dist/ecma/iterator/types.js","dist/ecma/iterator/types.js.map","dist/ecma/json/json-serialize-error.d.ts","dist/ecma/json/json-serialize-error.d.ts.map","dist/ecma/json/json-serialize-error.js","dist/ecma/json/json-serialize-error.js.map","dist/ecma/json/json-serialize.d.ts","dist/ecma/json/json-serialize.d.ts.map","dist/ecma/json/json-serialize.js","dist/ecma/json/json-serialize.js.map","dist/ecma/json/json-stringify-safe.d.ts","dist/ecma/json/json-stringify-safe.d.ts.map","dist/ecma/json/json-stringify-safe.js","dist/ecma/json/json-stringify-safe.js.map","dist/ecma/json/make-json-replacer-function.d.ts","dist/ecma/json/make-json-replacer-function.d.ts.map","dist/ecma/json/make-json-replacer-function.js","dist/ecma/json/make-json-replacer-function.js.map","dist/ecma/math/clamp.d.ts","dist/ecma/math/clamp.d.ts.map","dist/ecma/math/clamp.js","dist/ecma/math/clamp.js.map","dist/ecma/math/random.d.ts","dist/ecma/math/random.d.ts.map","dist/ecma/math/random.js","dist/ecma/math/random.js.map","dist/ecma/math/round.d.ts","dist/ecma/math/round.d.ts.map","dist/ecma/math/round.js","dist/ecma/math/round.js.map","dist/ecma/math/scale.d.ts","dist/ecma/math/scale.d.ts.map","dist/ecma/math/scale.js","dist/ecma/math/scale.js.map","dist/ecma/number/to-fixed-length.d.ts","dist/ecma/number/to-fixed-length.d.ts.map","dist/ecma/number/to-fixed-length.js","dist/ecma/number/to-fixed-length.js.map","dist/ecma/object/clone.d.ts","dist/ecma/object/clone.d.ts.map","dist/ecma/object/clone.js","dist/ecma/object/clone.js.map","dist/ecma/object/deep-clone.d.ts","dist/ecma/object/deep-clone.d.ts.map","dist/ecma/object/deep-clone.js","dist/ecma/object/deep-clone.js.map","dist/ecma/object/deep-merge-inplace.d.ts","dist/ecma/object/deep-merge-inplace.d.ts.map","dist/ecma/object/deep-merge-inplace.js","dist/ecma/object/deep-merge-inplace.js.map","dist/ecma/object/deep-merge-options.d.ts","dist/ecma/object/deep-merge-options.d.ts.map","dist/ecma/object/deep-merge-options.js","dist/ecma/object/deep-merge-options.js.map","dist/ecma/object/deep-merge.d.ts","dist/ecma/object/deep-merge.d.ts.map","dist/ecma/object/deep-merge.js","dist/ecma/object/deep-merge.js.map","dist/ecma/object/defaults.d.ts","dist/ecma/object/defaults.d.ts.map","dist/ecma/object/defaults.js","dist/ecma/object/defaults.js.map","dist/ecma/object/is-deep-equal.d.ts","dist/ecma/object/is-deep-equal.d.ts.map","dist/ecma/object/is-deep-equal.js","dist/ecma/object/is-deep-equal.js.map","dist/ecma/object/is-equal.d.ts","dist/ecma/object/is-equal.d.ts.map","dist/ecma/object/is-equal.js","dist/ecma/object/is-equal.js.map","dist/ecma/promise/abortable-promise.d.ts","dist/ecma/promise/abortable-promise.d.ts.map","dist/ecma/promise/abortable-promise.js","dist/ecma/promise/abortable-promise.js.map","dist/ecma/promise/promise-to-async-iterable-iterator.d.ts","dist/ecma/promise/promise-to-async-iterable-iterator.d.ts.map","dist/ecma/promise/promise-to-async-iterable-iterator.js","dist/ecma/promise/promise-to-async-iterable-iterator.js.map","dist/ecma/promise/types.d.ts","dist/ecma/promise/types.d.ts.map","dist/ecma/promise/types.js","dist/ecma/promise/types.js.map","dist/ecma/regexp/regexp-escape.d.ts","dist/ecma/regexp/regexp-escape.d.ts.map","dist/ecma/regexp/regexp-escape.js","dist/ecma/regexp/regexp-escape.js.map","dist/ecma/string/capitalize.d.ts","dist/ecma/string/capitalize.d.ts.map","dist/ecma/string/capitalize.js","dist/ecma/string/capitalize.js.map","dist/ecma/string/join-non-empty.d.ts","dist/ecma/string/join-non-empty.d.ts.map","dist/ecma/string/join-non-empty.js","dist/ecma/string/join-non-empty.js.map","dist/ecma/string/prefix-lines.d.ts","dist/ecma/string/prefix-lines.d.ts.map","dist/ecma/string/prefix-lines.js","dist/ecma/string/prefix-lines.js.map","dist/ecma/string/replace-diacritics.d.ts","dist/ecma/string/replace-diacritics.d.ts.map","dist/ecma/string/replace-diacritics.js","dist/ecma/string/replace-diacritics.js.map","dist/ecma/string/truncate.d.ts","dist/ecma/string/truncate.d.ts.map","dist/ecma/string/truncate.js","dist/ecma/string/truncate.js.map","dist/ecma/timers/delay.d.ts","dist/ecma/timers/delay.d.ts.map","dist/ecma/timers/delay.js","dist/ecma/timers/delay.js.map","dist/ecma/timers/periodical-timer.d.ts","dist/ecma/timers/periodical-timer.d.ts.map","dist/ecma/timers/periodical-timer.js","dist/ecma/timers/periodical-timer.js.map","dist/ecma/timers/sleep.d.ts","dist/ecma/timers/sleep.d.ts.map","dist/ecma/timers/sleep.js","dist/ecma/timers/sleep.js.map","dist/ecma/timers/timer.d.ts","dist/ecma/timers/timer.d.ts.map","dist/ecma/timers/timer.js","dist/ecma/timers/timer.js.map","dist/globals.d/builtin-json.d.ts","dist/globals.d/builtin-json.d.ts.map","dist/globals.d/builtin-json.js","dist/globals.d/builtin-json.js.map","dist/index.d.ts","dist/index.d.ts.map","dist/index.js","dist/index.js.map","dist/node/child_process/exec-async.d.ts","dist/node/child_process/exec-async.d.ts.map","dist/node/child_process/exec-async.js","dist/node/child_process/exec-async.js.map","dist/node/child_process/node-exec-error.d.ts","dist/node/child_process/node-exec-error.d.ts.map","dist/node/child_process/node-exec-error.js","dist/node/child_process/node-exec-error.js.map","dist/node/child_process/process-exit-error.d.ts","dist/node/child_process/process-exit-error.d.ts.map","dist/node/child_process/process-exit-error.js","dist/node/child_process/process-exit-error.js.map","dist/node/child_process/shell-exec.d.ts","dist/node/child_process/shell-exec.d.ts.map","dist/node/child_process/shell-exec.js","dist/node/child_process/shell-exec.js.map","dist/node/error/node-aggregate-error.d.ts","dist/node/error/node-aggregate-error.d.ts.map","dist/node/error/node-aggregate-error.js","dist/node/error/node-aggregate-error.js.map","dist/node/error/node-error.d.ts","dist/node/error/node-error.d.ts.map","dist/node/error/node-error.js","dist/node/error/node-error.js.map","dist/node/error/node-system-error.d.ts","dist/node/error/node-system-error.d.ts.map","dist/node/error/node-system-error.js","dist/node/error/node-system-error.js.map","dist/node/fs/compress-file.d.ts","dist/node/fs/compress-file.d.ts.map","dist/node/fs/compress-file.js","dist/node/fs/compress-file.js.map","dist/node/fs/exists-async.d.ts","dist/node/fs/exists-async.d.ts.map","dist/node/fs/exists-async.js","dist/node/fs/exists-async.js.map","dist/node/fs/file-content-equal.d.ts","dist/node/fs/file-content-equal.d.ts.map","dist/node/fs/file-content-equal.js","dist/node/fs/file-content-equal.js.map","dist/node/fs/shorten-posix-path.d.ts","dist/node/fs/shorten-posix-path.d.ts.map","dist/node/fs/shorten-posix-path.js","dist/node/fs/shorten-posix-path.js.map","dist/node/fs/types.d.ts","dist/node/fs/types.d.ts.map","dist/node/fs/types.js","dist/node/fs/types.js.map","dist/node/fs/write-file-atomic.d.ts","dist/node/fs/write-file-atomic.d.ts.map","dist/node/fs/write-file-atomic.js","dist/node/fs/write-file-atomic.js.map","dist/node/module/import-module.d.ts","dist/node/module/import-module.d.ts.map","dist/node/module/import-module.js","dist/node/module/import-module.js.map","dist/node/module/resolve-module.d.ts","dist/node/module/resolve-module.d.ts.map","dist/node/module/resolve-module.js","dist/node/module/resolve-module.js.map","dist/node/net/get-random-ephemeral-port.d.ts","dist/node/net/get-random-ephemeral-port.d.ts.map","dist/node/net/get-random-ephemeral-port.js","dist/node/net/get-random-ephemeral-port.js.map","dist/node/net/http/http-headers.d.ts","dist/node/net/http/http-headers.d.ts.map","dist/node/net/http/http-headers.js","dist/node/net/http/http-headers.js.map","dist/node/net/http/is-http-available.d.ts","dist/node/net/http/is-http-available.d.ts.map","dist/node/net/http/is-http-available.js","dist/node/net/http/is-http-available.js.map","dist/node/net/http/types.d.ts","dist/node/net/http/types.d.ts.map","dist/node/net/http/types.js","dist/node/net/http/types.js.map","dist/node/net/tcp-client.d.ts","dist/node/net/tcp-client.d.ts.map","dist/node/net/tcp-client.js","dist/node/net/tcp-client.js.map","dist/node/net/udp-socket.d.ts","dist/node/net/udp-socket.d.ts.map","dist/node/net/udp-socket.js","dist/node/net/udp-socket.js.map","dist/node/process/error-listeners.d.ts","dist/node/process/error-listeners.d.ts.map","dist/node/process/error-listeners.js","dist/node/process/error-listeners.js.map","dist/node/process/exit-manager.d.ts","dist/node/process/exit-manager.d.ts.map","dist/node/process/exit-manager.js","dist/node/process/exit-manager.js.map","dist/node/process/pid-file.d.ts","dist/node/process/pid-file.d.ts.map","dist/node/process/pid-file.js","dist/node/process/pid-file.js.map","dist/node/process/process-pid-file.d.ts","dist/node/process/process-pid-file.d.ts.map","dist/node/process/process-pid-file.js","dist/node/process/process-pid-file.js.map","dist/node/v8/capture-v8-stack-trace.d.ts","dist/node/v8/capture-v8-stack-trace.d.ts.map","dist/node/v8/capture-v8-stack-trace.js","dist/node/v8/capture-v8-stack-trace.js.map","dist/node/v8/v8-stack-trace.d.ts","dist/node/v8/v8-stack-trace.d.ts.map","dist/node/v8/v8-stack-trace.js","dist/node/v8/v8-stack-trace.js.map","dist/shell/env-variables/env-variables-types.d.ts","dist/shell/env-variables/env-variables-types.d.ts.map","dist/shell/env-variables/env-variables-types.js","dist/shell/env-variables/env-variables-types.js.map","dist/shell/env-variables/parse-env-variable.d.ts","dist/shell/env-variables/parse-env-variable.d.ts.map","dist/shell/env-variables/parse-env-variable.js","dist/shell/env-variables/parse-env-variable.js.map","dist/shell/env-variables/stringify-env-variable.d.ts","dist/shell/env-variables/stringify-env-variable.d.ts.map","dist/shell/env-variables/stringify-env-variable.js","dist/shell/env-variables/stringify-env-variable.js.map","dist/shell/escape-command-arg.d.ts","dist/shell/escape-command-arg.d.ts.map","dist/shell/escape-command-arg.js","dist/shell/escape-command-arg.js.map","dist/shell/escape-command.d.ts","dist/shell/escape-command.d.ts.map","dist/shell/escape-command.js","dist/shell/escape-command.js.map","dist/shell/escape-posix-sh-sqe.d.ts","dist/shell/escape-posix-sh-sqe.d.ts.map","dist/shell/escape-posix-sh-sqe.js","dist/shell/escape-posix-sh-sqe.js.map","dist/text-files/ini-file.d.ts","dist/text-files/ini-file.d.ts.map","dist/text-files/ini-file.js","dist/text-files/ini-file.js.map","dist/text-files/json-file.d.ts","dist/text-files/json-file.d.ts.map","dist/text-files/json-file.js","dist/text-files/json-file.js.map","dist/text-files/json5-file.d.ts","dist/text-files/json5-file.d.ts.map","dist/text-files/json5-file.js","dist/text-files/json5-file.js.map","dist/text-files/jsonc-file.d.ts","dist/text-files/jsonc-file.d.ts.map","dist/text-files/jsonc-file.js","dist/text-files/jsonc-file.js.map","dist/text-files/text-file.d.ts","dist/text-files/text-file.d.ts.map","dist/text-files/text-file.js","dist/text-files/text-file.js.map","dist/text-files/toml-file.d.ts","dist/text-files/toml-file.d.ts.map","dist/text-files/toml-file.js","dist/text-files/toml-file.js.map","dist/text-files/yaml-file.d.ts","dist/text-files/yaml-file.d.ts.map","dist/text-files/yaml-file.js","dist/text-files/yaml-file.js.map","dist/time/format-duration.d.ts","dist/time/format-duration.d.ts.map","dist/time/format-duration.js","dist/time/format-duration.js.map","dist/types.d/defined.d.ts","dist/types.d/defined.d.ts.map","dist/types.d/defined.js","dist/types.d/defined.js.map","dist/types.d/set-nullable.d.ts","dist/types.d/set-nullable.d.ts.map","dist/types.d/set-nullable.js","dist/types.d/set-nullable.js.map","package.json"],"access":null,"dryRun":true,"published":false,"message":"[DRY RUN] Package would be published to https://registry.yarnpkg.com with tag latest","provenance":false}
{"name":"tsconfig","version":"0.1.1","registry":"https://registry.yarnpkg.com","warning":"Registry already knows about version 0.1.1; skipping.","skipped":true}
{"file":"package.json"}
{"file":"typedoc.json"}
{"name":"typedoc","version":"0.1.0","registry":"https://registry.yarnpkg.com","tag":"latest","files":["package.json","typedoc.json"],"access":null,"dryRun":true,"published":false,"message":"[DRY RUN] Package would be published to https://registry.yarnpkg.com with tag latest","provenance":false}
Done in 19s 404ms
